[2014-10-24 18:41:05] local.ERROR: exception 'Symfony\Component\Debug\Exception\FatalErrorException' with message 'syntax error, unexpected ''uses'' (T_CONSTANT_ENCAPSED_STRING), expecting ']'' in /home/vagrant/code/larabook/app/routes.php:18
Stack trace:
#0 [internal function]: Illuminate\Exception\Handler->handleShutdown()
#1 {main} [] []
[2014-10-24 18:41:33] local.ERROR: exception 'ReflectionException' with message 'Class RegistrationController does not exist' in /home/vagrant/code/larabook/vendor/laravel/framework/src/Illuminate/Container/Container.php:504
Stack trace:
#0 /home/vagrant/code/larabook/vendor/laravel/framework/src/Illuminate/Container/Container.php(504): ReflectionClass->__construct('RegistrationCon...')
#1 /home/vagrant/code/larabook/vendor/laravel/framework/src/Illuminate/Container/Container.php(428): Illuminate\Container\Container->build('RegistrationCon...', Array)
#2 /home/vagrant/code/larabook/vendor/laravel/framework/src/Illuminate/Foundation/Application.php(462): Illuminate\Container\Container->make('RegistrationCon...', Array)
#3 /home/vagrant/code/larabook/vendor/laravel/framework/src/Illuminate/Routing/ControllerDispatcher.php(78): Illuminate\Foundation\Application->make('RegistrationCon...')
#4 /home/vagrant/code/larabook/vendor/laravel/framework/src/Illuminate/Routing/ControllerDispatcher.php(51): Illuminate\Routing\ControllerDispatcher->makeController('RegistrationCon...')
#5 /home/vagrant/code/larabook/vendor/laravel/framework/src/Illuminate/Routing/Router.php(962): Illuminate\Routing\ControllerDispatcher->dispatch(Object(Illuminate\Routing\Route), Object(Illuminate\Http\Request), 'RegistrationCon...', 'create')
#6 [internal function]: Illuminate\Routing\Router->Illuminate\Routing\{closure}()
#7 /home/vagrant/code/larabook/vendor/laravel/framework/src/Illuminate/Routing/Route.php(109): call_user_func_array(Object(Closure), Array)
#8 /home/vagrant/code/larabook/vendor/laravel/framework/src/Illuminate/Routing/Router.php(1028): Illuminate\Routing\Route->run(Object(Illuminate\Http\Request))
#9 /home/vagrant/code/larabook/vendor/laravel/framework/src/Illuminate/Routing/Router.php(996): Illuminate\Routing\Router->dispatchToRoute(Object(Illuminate\Http\Request))
#10 /home/vagrant/code/larabook/vendor/laravel/framework/src/Illuminate/Foundation/Application.php(775): Illuminate\Routing\Router->dispatch(Object(Illuminate\Http\Request))
#11 /home/vagrant/code/larabook/vendor/laravel/framework/src/Illuminate/Foundation/Application.php(745): Illuminate\Foundation\Application->dispatch(Object(Illuminate\Http\Request))
#12 /home/vagrant/code/larabook/vendor/laravel/framework/src/Illuminate/Session/Middleware.php(72): Illuminate\Foundation\Application->handle(Object(Illuminate\Http\Request), 1, true)
#13 /home/vagrant/code/larabook/vendor/laravel/framework/src/Illuminate/Cookie/Queue.php(47): Illuminate\Session\Middleware->handle(Object(Illuminate\Http\Request), 1, true)
#14 /home/vagrant/code/larabook/vendor/laravel/framework/src/Illuminate/Cookie/Guard.php(51): Illuminate\Cookie\Queue->handle(Object(Illuminate\Http\Request), 1, true)
#15 /home/vagrant/code/larabook/vendor/stack/builder/src/Stack/StackedHttpKernel.php(23): Illuminate\Cookie\Guard->handle(Object(Illuminate\Http\Request), 1, true)
#16 /home/vagrant/code/larabook/vendor/laravel/framework/src/Illuminate/Foundation/Application.php(641): Stack\StackedHttpKernel->handle(Object(Illuminate\Http\Request))
#17 /home/vagrant/code/larabook/public/index.php(49): Illuminate\Foundation\Application->run()
#18 {main} [] []
[2014-10-24 19:02:54] local.ERROR: exception 'Symfony\Component\HttpKernel\Exception\MethodNotAllowedHttpException' in /home/vagrant/code/larabook/vendor/laravel/framework/src/Illuminate/Routing/RouteCollection.php:210
Stack trace:
#0 /home/vagrant/code/larabook/vendor/laravel/framework/src/Illuminate/Routing/RouteCollection.php(197): Illuminate\Routing\RouteCollection->methodNotAllowed(Array)
#1 /home/vagrant/code/larabook/vendor/laravel/framework/src/Illuminate/Routing/RouteCollection.php(145): Illuminate\Routing\RouteCollection->getOtherMethodsRoute(Object(Illuminate\Http\Request), Array)
#2 /home/vagrant/code/larabook/vendor/laravel/framework/src/Illuminate/Routing/Router.php(1049): Illuminate\Routing\RouteCollection->match(Object(Illuminate\Http\Request))
#3 /home/vagrant/code/larabook/vendor/laravel/framework/src/Illuminate/Routing/Router.php(1017): Illuminate\Routing\Router->findRoute(Object(Illuminate\Http\Request))
#4 /home/vagrant/code/larabook/vendor/laravel/framework/src/Illuminate/Routing/Router.php(996): Illuminate\Routing\Router->dispatchToRoute(Object(Illuminate\Http\Request))
#5 /home/vagrant/code/larabook/vendor/laravel/framework/src/Illuminate/Foundation/Application.php(775): Illuminate\Routing\Router->dispatch(Object(Illuminate\Http\Request))
#6 /home/vagrant/code/larabook/vendor/laravel/framework/src/Illuminate/Foundation/Application.php(745): Illuminate\Foundation\Application->dispatch(Object(Illuminate\Http\Request))
#7 /home/vagrant/code/larabook/vendor/laravel/framework/src/Illuminate/Session/Middleware.php(72): Illuminate\Foundation\Application->handle(Object(Illuminate\Http\Request), 1, true)
#8 /home/vagrant/code/larabook/vendor/laravel/framework/src/Illuminate/Cookie/Queue.php(47): Illuminate\Session\Middleware->handle(Object(Illuminate\Http\Request), 1, true)
#9 /home/vagrant/code/larabook/vendor/laravel/framework/src/Illuminate/Cookie/Guard.php(51): Illuminate\Cookie\Queue->handle(Object(Illuminate\Http\Request), 1, true)
#10 /home/vagrant/code/larabook/vendor/stack/builder/src/Stack/StackedHttpKernel.php(23): Illuminate\Cookie\Guard->handle(Object(Illuminate\Http\Request), 1, true)
#11 /home/vagrant/code/larabook/vendor/laravel/framework/src/Illuminate/Foundation/Application.php(641): Stack\StackedHttpKernel->handle(Object(Illuminate\Http\Request))
#12 /home/vagrant/code/larabook/public/index.php(49): Illuminate\Foundation\Application->run()
#13 {main} [] []
[2014-10-24 19:06:05] local.ERROR: exception 'Symfony\Component\HttpKernel\Exception\MethodNotAllowedHttpException' in /home/vagrant/code/larabook/vendor/laravel/framework/src/Illuminate/Routing/RouteCollection.php:210
Stack trace:
#0 /home/vagrant/code/larabook/vendor/laravel/framework/src/Illuminate/Routing/RouteCollection.php(197): Illuminate\Routing\RouteCollection->methodNotAllowed(Array)
#1 /home/vagrant/code/larabook/vendor/laravel/framework/src/Illuminate/Routing/RouteCollection.php(145): Illuminate\Routing\RouteCollection->getOtherMethodsRoute(Object(Illuminate\Http\Request), Array)
#2 /home/vagrant/code/larabook/vendor/laravel/framework/src/Illuminate/Routing/Router.php(1049): Illuminate\Routing\RouteCollection->match(Object(Illuminate\Http\Request))
#3 /home/vagrant/code/larabook/vendor/laravel/framework/src/Illuminate/Routing/Router.php(1017): Illuminate\Routing\Router->findRoute(Object(Illuminate\Http\Request))
#4 /home/vagrant/code/larabook/vendor/laravel/framework/src/Illuminate/Routing/Router.php(996): Illuminate\Routing\Router->dispatchToRoute(Object(Illuminate\Http\Request))
#5 /home/vagrant/code/larabook/vendor/laravel/framework/src/Illuminate/Foundation/Application.php(775): Illuminate\Routing\Router->dispatch(Object(Illuminate\Http\Request))
#6 /home/vagrant/code/larabook/vendor/laravel/framework/src/Illuminate/Foundation/Application.php(745): Illuminate\Foundation\Application->dispatch(Object(Illuminate\Http\Request))
#7 /home/vagrant/code/larabook/vendor/laravel/framework/src/Illuminate/Session/Middleware.php(72): Illuminate\Foundation\Application->handle(Object(Illuminate\Http\Request), 1, true)
#8 /home/vagrant/code/larabook/vendor/laravel/framework/src/Illuminate/Cookie/Queue.php(47): Illuminate\Session\Middleware->handle(Object(Illuminate\Http\Request), 1, true)
#9 /home/vagrant/code/larabook/vendor/laravel/framework/src/Illuminate/Cookie/Guard.php(51): Illuminate\Cookie\Queue->handle(Object(Illuminate\Http\Request), 1, true)
#10 /home/vagrant/code/larabook/vendor/stack/builder/src/Stack/StackedHttpKernel.php(23): Illuminate\Cookie\Guard->handle(Object(Illuminate\Http\Request), 1, true)
#11 /home/vagrant/code/larabook/vendor/laravel/framework/src/Illuminate/Foundation/Application.php(641): Stack\StackedHttpKernel->handle(Object(Illuminate\Http\Request))
#12 /home/vagrant/code/larabook/public/index.php(49): Illuminate\Foundation\Application->run()
#13 {main} [] []
[2014-10-24 20:17:37] local.ERROR: exception 'ErrorException' with message 'file_put_contents(/home/vagrant/code/larabook/database/migrations/2014_10_24_201737_create_users_table.php): failed to open stream: No such file or directory' in /home/vagrant/code/larabook/vendor/way/generators/src/Way/Generators/Filesystem/Filesystem.php:20
Stack trace:
#0 [internal function]: Illuminate\Exception\Handler->handleError(2, 'file_put_conten...', '/home/vagrant/c...', 20, Array)
#1 /home/vagrant/code/larabook/vendor/way/generators/src/Way/Generators/Filesystem/Filesystem.php(20): file_put_contents('/home/vagrant/c...', '<?php\n\nuse Illu...')
#2 /home/vagrant/code/larabook/vendor/way/generators/src/Way/Generators/Generator.php(37): Way\Generators\Filesystem\Filesystem->make('/home/vagrant/c...', '<?php\n\nuse Illu...')
#3 /home/vagrant/code/larabook/vendor/way/generators/src/Way/Generators/Commands/GeneratorCommand.php(61): Way\Generators\Generator->make('/home/vagrant/c...', Array, '/home/vagrant/c...')
#4 /home/vagrant/code/larabook/vendor/way/generators/src/Way/Generators/Commands/MigrationGeneratorCommand.php(68): Way\Generators\Commands\GeneratorCommand->fire()
#5 /home/vagrant/code/larabook/vendor/laravel/framework/src/Illuminate/Console/Command.php(112): Way\Generators\Commands\MigrationGeneratorCommand->fire()
#6 /home/vagrant/code/larabook/vendor/symfony/console/Symfony/Component/Console/Command/Command.php(252): Illuminate\Console\Command->execute(Object(Symfony\Component\Console\Input\ArgvInput), Object(Symfony\Component\Console\Output\ConsoleOutput))
#7 /home/vagrant/code/larabook/vendor/laravel/framework/src/Illuminate/Console/Command.php(100): Symfony\Component\Console\Command\Command->run(Object(Symfony\Component\Console\Input\ArgvInput), Object(Symfony\Component\Console\Output\ConsoleOutput))
#8 /home/vagrant/code/larabook/vendor/symfony/console/Symfony/Component/Console/Application.php(889): Illuminate\Console\Command->run(Object(Symfony\Component\Console\Input\ArgvInput), Object(Symfony\Component\Console\Output\ConsoleOutput))
#9 /home/vagrant/code/larabook/vendor/symfony/console/Symfony/Component/Console/Application.php(193): Symfony\Component\Console\Application->doRunCommand(Object(Way\Generators\Commands\MigrationGeneratorCommand), Object(Symfony\Component\Console\Input\ArgvInput), Object(Symfony\Component\Console\Output\ConsoleOutput))
#10 /home/vagrant/code/larabook/vendor/symfony/console/Symfony/Component/Console/Application.php(124): Symfony\Component\Console\Application->doRun(Object(Symfony\Component\Console\Input\ArgvInput), Object(Symfony\Component\Console\Output\ConsoleOutput))
#11 /home/vagrant/code/larabook/artisan(59): Symfony\Component\Console\Application->run()
#12 {main} [] []
[2014-10-24 20:18:45] local.ERROR: exception 'ErrorException' with message 'file_put_contents(/home/vagrant/code/larabook/database/migrations/2014_10_24_201845_create_users_table.php): failed to open stream: No such file or directory' in /home/vagrant/code/larabook/vendor/way/generators/src/Way/Generators/Filesystem/Filesystem.php:20
Stack trace:
#0 [internal function]: Illuminate\Exception\Handler->handleError(2, 'file_put_conten...', '/home/vagrant/c...', 20, Array)
#1 /home/vagrant/code/larabook/vendor/way/generators/src/Way/Generators/Filesystem/Filesystem.php(20): file_put_contents('/home/vagrant/c...', '<?php\n\nuse Illu...')
#2 /home/vagrant/code/larabook/vendor/way/generators/src/Way/Generators/Generator.php(37): Way\Generators\Filesystem\Filesystem->make('/home/vagrant/c...', '<?php\n\nuse Illu...')
#3 /home/vagrant/code/larabook/vendor/way/generators/src/Way/Generators/Commands/GeneratorCommand.php(61): Way\Generators\Generator->make('/home/vagrant/c...', Array, '/home/vagrant/c...')
#4 /home/vagrant/code/larabook/vendor/way/generators/src/Way/Generators/Commands/MigrationGeneratorCommand.php(68): Way\Generators\Commands\GeneratorCommand->fire()
#5 /home/vagrant/code/larabook/vendor/laravel/framework/src/Illuminate/Console/Command.php(112): Way\Generators\Commands\MigrationGeneratorCommand->fire()
#6 /home/vagrant/code/larabook/vendor/symfony/console/Symfony/Component/Console/Command/Command.php(252): Illuminate\Console\Command->execute(Object(Symfony\Component\Console\Input\ArgvInput), Object(Symfony\Component\Console\Output\ConsoleOutput))
#7 /home/vagrant/code/larabook/vendor/laravel/framework/src/Illuminate/Console/Command.php(100): Symfony\Component\Console\Command\Command->run(Object(Symfony\Component\Console\Input\ArgvInput), Object(Symfony\Component\Console\Output\ConsoleOutput))
#8 /home/vagrant/code/larabook/vendor/symfony/console/Symfony/Component/Console/Application.php(889): Illuminate\Console\Command->run(Object(Symfony\Component\Console\Input\ArgvInput), Object(Symfony\Component\Console\Output\ConsoleOutput))
#9 /home/vagrant/code/larabook/vendor/symfony/console/Symfony/Component/Console/Application.php(193): Symfony\Component\Console\Application->doRunCommand(Object(Way\Generators\Commands\MigrationGeneratorCommand), Object(Symfony\Component\Console\Input\ArgvInput), Object(Symfony\Component\Console\Output\ConsoleOutput))
#10 /home/vagrant/code/larabook/vendor/symfony/console/Symfony/Component/Console/Application.php(124): Symfony\Component\Console\Application->doRun(Object(Symfony\Component\Console\Input\ArgvInput), Object(Symfony\Component\Console\Output\ConsoleOutput))
#11 /home/vagrant/code/larabook/artisan(59): Symfony\Component\Console\Application->run()
#12 {main} [] []
[2014-10-24 20:19:48] local.ERROR: exception 'ErrorException' with message 'file_put_contents(/home/vagrant/code/larabook/database/migrations/2014_10_24_201948_create_users_table.php): failed to open stream: No such file or directory' in /home/vagrant/code/larabook/vendor/way/generators/src/Way/Generators/Filesystem/Filesystem.php:20
Stack trace:
#0 [internal function]: Illuminate\Exception\Handler->handleError(2, 'file_put_conten...', '/home/vagrant/c...', 20, Array)
#1 /home/vagrant/code/larabook/vendor/way/generators/src/Way/Generators/Filesystem/Filesystem.php(20): file_put_contents('/home/vagrant/c...', '<?php\n\nuse Illu...')
#2 /home/vagrant/code/larabook/vendor/way/generators/src/Way/Generators/Generator.php(37): Way\Generators\Filesystem\Filesystem->make('/home/vagrant/c...', '<?php\n\nuse Illu...')
#3 /home/vagrant/code/larabook/vendor/way/generators/src/Way/Generators/Commands/GeneratorCommand.php(61): Way\Generators\Generator->make('/home/vagrant/c...', Array, '/home/vagrant/c...')
#4 /home/vagrant/code/larabook/vendor/way/generators/src/Way/Generators/Commands/MigrationGeneratorCommand.php(68): Way\Generators\Commands\GeneratorCommand->fire()
#5 /home/vagrant/code/larabook/vendor/laravel/framework/src/Illuminate/Console/Command.php(112): Way\Generators\Commands\MigrationGeneratorCommand->fire()
#6 /home/vagrant/code/larabook/vendor/symfony/console/Symfony/Component/Console/Command/Command.php(252): Illuminate\Console\Command->execute(Object(Symfony\Component\Console\Input\ArgvInput), Object(Symfony\Component\Console\Output\ConsoleOutput))
#7 /home/vagrant/code/larabook/vendor/laravel/framework/src/Illuminate/Console/Command.php(100): Symfony\Component\Console\Command\Command->run(Object(Symfony\Component\Console\Input\ArgvInput), Object(Symfony\Component\Console\Output\ConsoleOutput))
#8 /home/vagrant/code/larabook/vendor/symfony/console/Symfony/Component/Console/Application.php(889): Illuminate\Console\Command->run(Object(Symfony\Component\Console\Input\ArgvInput), Object(Symfony\Component\Console\Output\ConsoleOutput))
#9 /home/vagrant/code/larabook/vendor/symfony/console/Symfony/Component/Console/Application.php(193): Symfony\Component\Console\Application->doRunCommand(Object(Way\Generators\Commands\MigrationGeneratorCommand), Object(Symfony\Component\Console\Input\ArgvInput), Object(Symfony\Component\Console\Output\ConsoleOutput))
#10 /home/vagrant/code/larabook/vendor/symfony/console/Symfony/Component/Console/Application.php(124): Symfony\Component\Console\Application->doRun(Object(Symfony\Component\Console\Input\ArgvInput), Object(Symfony\Component\Console\Output\ConsoleOutput))
#11 /home/vagrant/code/larabook/artisan(59): Symfony\Component\Console\Application->run()
#12 {main} [] []
[2014-10-24 20:22:04] local.ERROR: exception 'RuntimeException' with message 'The "--fields" option does not exist.' in /home/vagrant/code/larabook/vendor/symfony/console/Symfony/Component/Console/Input/ArgvInput.php:213
Stack trace:
#0 /home/vagrant/code/larabook/vendor/symfony/console/Symfony/Component/Console/Input/ArgvInput.php(152): Symfony\Component\Console\Input\ArgvInput->addLongOption('fields', 'username:string...')
#1 /home/vagrant/code/larabook/vendor/symfony/console/Symfony/Component/Console/Input/ArgvInput.php(86): Symfony\Component\Console\Input\ArgvInput->parseLongOption('--fields=userna...')
#2 /home/vagrant/code/larabook/vendor/symfony/console/Symfony/Component/Console/Input/Input.php(61): Symfony\Component\Console\Input\ArgvInput->parse()
#3 /home/vagrant/code/larabook/vendor/symfony/console/Symfony/Component/Console/Command/Command.php(224): Symfony\Component\Console\Input\Input->bind(Object(Symfony\Component\Console\Input\InputDefinition))
#4 /home/vagrant/code/larabook/vendor/laravel/framework/src/Illuminate/Console/Command.php(100): Symfony\Component\Console\Command\Command->run(Object(Symfony\Component\Console\Input\ArgvInput), Object(Symfony\Component\Console\Output\ConsoleOutput))
#5 /home/vagrant/code/larabook/vendor/symfony/console/Symfony/Component/Console/Application.php(889): Illuminate\Console\Command->run(Object(Symfony\Component\Console\Input\ArgvInput), Object(Symfony\Component\Console\Output\ConsoleOutput))
#6 /home/vagrant/code/larabook/vendor/symfony/console/Symfony/Component/Console/Application.php(193): Symfony\Component\Console\Application->doRunCommand(Object(Illuminate\Database\Console\Migrations\MigrateMakeCommand), Object(Symfony\Component\Console\Input\ArgvInput), Object(Symfony\Component\Console\Output\ConsoleOutput))
#7 /home/vagrant/code/larabook/vendor/symfony/console/Symfony/Component/Console/Application.php(124): Symfony\Component\Console\Application->doRun(Object(Symfony\Component\Console\Input\ArgvInput), Object(Symfony\Component\Console\Output\ConsoleOutput))
#8 /home/vagrant/code/larabook/artisan(59): Symfony\Component\Console\Application->run()
#9 {main} [] []
[2014-10-24 20:26:45] local.ERROR: exception 'Symfony\Component\Debug\Exception\FatalErrorException' with message 'Class 'Schemma' not found' in /home/vagrant/code/larabook/app/database/migrations/2014_10_24_202218_create_users_table.php:15
Stack trace:
#0 [internal function]: Illuminate\Exception\Handler->handleShutdown()
#1 {main} [] []
[2014-10-25 15:20:46] local.ERROR: exception 'ReflectionException' with message 'Class LArabook\Forms\RegistrationForm does not exist' in /home/vagrant/code/larabook/vendor/laravel/framework/src/Illuminate/Container/Container.php:555
Stack trace:
#0 /home/vagrant/code/larabook/vendor/laravel/framework/src/Illuminate/Container/Container.php(555): ReflectionParameter->getClass()
#1 /home/vagrant/code/larabook/vendor/laravel/framework/src/Illuminate/Container/Container.php(537): Illuminate\Container\Container->getDependencies(Array, Array)
#2 /home/vagrant/code/larabook/vendor/laravel/framework/src/Illuminate/Container/Container.php(428): Illuminate\Container\Container->build('RegistrationCon...', Array)
#3 /home/vagrant/code/larabook/vendor/laravel/framework/src/Illuminate/Foundation/Application.php(462): Illuminate\Container\Container->make('RegistrationCon...', Array)
#4 /home/vagrant/code/larabook/vendor/laravel/framework/src/Illuminate/Routing/ControllerDispatcher.php(78): Illuminate\Foundation\Application->make('RegistrationCon...')
#5 /home/vagrant/code/larabook/vendor/laravel/framework/src/Illuminate/Routing/ControllerDispatcher.php(51): Illuminate\Routing\ControllerDispatcher->makeController('RegistrationCon...')
#6 /home/vagrant/code/larabook/vendor/laravel/framework/src/Illuminate/Routing/Router.php(962): Illuminate\Routing\ControllerDispatcher->dispatch(Object(Illuminate\Routing\Route), Object(Illuminate\Http\Request), 'RegistrationCon...', 'create')
#7 [internal function]: Illuminate\Routing\Router->Illuminate\Routing\{closure}()
#8 /home/vagrant/code/larabook/vendor/laravel/framework/src/Illuminate/Routing/Route.php(109): call_user_func_array(Object(Closure), Array)
#9 /home/vagrant/code/larabook/vendor/laravel/framework/src/Illuminate/Routing/Router.php(1028): Illuminate\Routing\Route->run(Object(Illuminate\Http\Request))
#10 /home/vagrant/code/larabook/vendor/laravel/framework/src/Illuminate/Routing/Router.php(996): Illuminate\Routing\Router->dispatchToRoute(Object(Illuminate\Http\Request))
#11 /home/vagrant/code/larabook/vendor/laravel/framework/src/Illuminate/Foundation/Application.php(775): Illuminate\Routing\Router->dispatch(Object(Illuminate\Http\Request))
#12 /home/vagrant/code/larabook/vendor/laravel/framework/src/Illuminate/Foundation/Application.php(745): Illuminate\Foundation\Application->dispatch(Object(Illuminate\Http\Request))
#13 /home/vagrant/code/larabook/vendor/laravel/framework/src/Illuminate/Session/Middleware.php(72): Illuminate\Foundation\Application->handle(Object(Illuminate\Http\Request), 1, true)
#14 /home/vagrant/code/larabook/vendor/laravel/framework/src/Illuminate/Cookie/Queue.php(47): Illuminate\Session\Middleware->handle(Object(Illuminate\Http\Request), 1, true)
#15 /home/vagrant/code/larabook/vendor/laravel/framework/src/Illuminate/Cookie/Guard.php(51): Illuminate\Cookie\Queue->handle(Object(Illuminate\Http\Request), 1, true)
#16 /home/vagrant/code/larabook/vendor/stack/builder/src/Stack/StackedHttpKernel.php(23): Illuminate\Cookie\Guard->handle(Object(Illuminate\Http\Request), 1, true)
#17 /home/vagrant/code/larabook/vendor/laravel/framework/src/Illuminate/Foundation/Application.php(641): Stack\StackedHttpKernel->handle(Object(Illuminate\Http\Request))
#18 /home/vagrant/code/larabook/public/index.php(49): Illuminate\Foundation\Application->run()
#19 {main} [] []
[2014-10-25 15:21:23] local.ERROR: exception 'Symfony\Component\Debug\Exception\FatalErrorException' with message 'syntax error, unexpected 'protect' (T_STRING), expecting function (T_FUNCTION)' in /home/vagrant/code/larabook/app/Larabook/Forms/RegistrationForm.php:8
Stack trace:
#0 [internal function]: Illuminate\Exception\Handler->handleShutdown()
#1 {main} [] []
[2014-10-25 15:22:18] local.ERROR: exception 'Symfony\Component\Debug\Exception\FatalErrorException' with message 'Class 'Larabook\Forms\FormValidator' not found' in /home/vagrant/code/larabook/app/Larabook/Forms/RegistrationForm.php:3
Stack trace:
#0 [internal function]: Illuminate\Exception\Handler->handleShutdown()
#1 {main} [] []
[2014-10-25 15:32:06] local.ERROR: exception 'Symfony\Component\Debug\Exception\FatalErrorException' with message 'Class 'Larabook\Forms\FormValidator' not found' in /home/vagrant/code/larabook/app/Larabook/Forms/RegistrationForm.php:3
Stack trace:
#0 [internal function]: Illuminate\Exception\Handler->handleShutdown()
#1 {main} [] []
[2014-10-25 15:37:46] local.ERROR: exception 'ErrorException' with message 'Undefined variable: registrationForm' in /home/vagrant/code/larabook/app/controllers/RegistrationController.php:11
Stack trace:
#0 /home/vagrant/code/larabook/app/controllers/RegistrationController.php(11): Illuminate\Exception\Handler->handleError(8, 'Undefined varia...', '/home/vagrant/c...', 11, Array)
#1 [internal function]: RegistrationController->__construct(Object(Larabook\Forms\RegistrationForm))
#2 /home/vagrant/code/larabook/vendor/laravel/framework/src/Illuminate/Container/Container.php(539): ReflectionClass->newInstanceArgs(Array)
#3 /home/vagrant/code/larabook/vendor/laravel/framework/src/Illuminate/Container/Container.php(428): Illuminate\Container\Container->build('RegistrationCon...', Array)
#4 /home/vagrant/code/larabook/vendor/laravel/framework/src/Illuminate/Foundation/Application.php(462): Illuminate\Container\Container->make('RegistrationCon...', Array)
#5 /home/vagrant/code/larabook/vendor/laravel/framework/src/Illuminate/Routing/ControllerDispatcher.php(78): Illuminate\Foundation\Application->make('RegistrationCon...')
#6 /home/vagrant/code/larabook/vendor/laravel/framework/src/Illuminate/Routing/ControllerDispatcher.php(51): Illuminate\Routing\ControllerDispatcher->makeController('RegistrationCon...')
#7 /home/vagrant/code/larabook/vendor/laravel/framework/src/Illuminate/Routing/Router.php(962): Illuminate\Routing\ControllerDispatcher->dispatch(Object(Illuminate\Routing\Route), Object(Illuminate\Http\Request), 'RegistrationCon...', 'create')
#8 [internal function]: Illuminate\Routing\Router->Illuminate\Routing\{closure}()
#9 /home/vagrant/code/larabook/vendor/laravel/framework/src/Illuminate/Routing/Route.php(109): call_user_func_array(Object(Closure), Array)
#10 /home/vagrant/code/larabook/vendor/laravel/framework/src/Illuminate/Routing/Router.php(1028): Illuminate\Routing\Route->run(Object(Illuminate\Http\Request))
#11 /home/vagrant/code/larabook/vendor/laravel/framework/src/Illuminate/Routing/Router.php(996): Illuminate\Routing\Router->dispatchToRoute(Object(Illuminate\Http\Request))
#12 /home/vagrant/code/larabook/vendor/laravel/framework/src/Illuminate/Foundation/Application.php(775): Illuminate\Routing\Router->dispatch(Object(Illuminate\Http\Request))
#13 /home/vagrant/code/larabook/vendor/laravel/framework/src/Illuminate/Foundation/Application.php(745): Illuminate\Foundation\Application->dispatch(Object(Illuminate\Http\Request))
#14 /home/vagrant/code/larabook/vendor/laravel/framework/src/Illuminate/Session/Middleware.php(72): Illuminate\Foundation\Application->handle(Object(Illuminate\Http\Request), 1, true)
#15 /home/vagrant/code/larabook/vendor/laravel/framework/src/Illuminate/Cookie/Queue.php(47): Illuminate\Session\Middleware->handle(Object(Illuminate\Http\Request), 1, true)
#16 /home/vagrant/code/larabook/vendor/laravel/framework/src/Illuminate/Cookie/Guard.php(51): Illuminate\Cookie\Queue->handle(Object(Illuminate\Http\Request), 1, true)
#17 /home/vagrant/code/larabook/vendor/stack/builder/src/Stack/StackedHttpKernel.php(23): Illuminate\Cookie\Guard->handle(Object(Illuminate\Http\Request), 1, true)
#18 /home/vagrant/code/larabook/vendor/laravel/framework/src/Illuminate/Foundation/Application.php(641): Stack\StackedHttpKernel->handle(Object(Illuminate\Http\Request))
#19 /home/vagrant/code/larabook/public/index.php(49): Illuminate\Foundation\Application->run()
#20 {main} [] []
[2014-10-25 16:10:38] local.ERROR: exception 'Symfony\Component\Debug\Exception\FatalErrorException' with message 'Class 'Larabook\Registration\RegisterUserCommand' not found' in /home/vagrant/code/larabook/app/controllers/RegistrationController.php:34
Stack trace:
#0 [internal function]: Illuminate\Exception\Handler->handleShutdown()
#1 {main} [] []
[2014-10-25 16:16:09] local.ERROR: exception 'Symfony\Component\Debug\Exception\FatalErrorException' with message 'Class 'Larabook\Registration\RegisterUserCommand' not found' in /home/vagrant/code/larabook/app/controllers/RegistrationController.php:34
Stack trace:
#0 [internal function]: Illuminate\Exception\Handler->handleShutdown()
#1 {main} [] []
[2014-10-25 16:22:55] local.ERROR: exception 'Symfony\Component\Debug\Exception\FatalErrorException' with message 'Class 'Larabook\Registration\RegisterUserCommand' not found' in /home/vagrant/code/larabook/app/controllers/RegistrationController.php:34
Stack trace:
#0 [internal function]: Illuminate\Exception\Handler->handleShutdown()
#1 {main} [] []
[2014-10-25 16:23:08] local.ERROR: exception 'Symfony\Component\Debug\Exception\FatalErrorException' with message 'Class 'Larabook\Registration\RegisterUserCommand' not found' in /home/vagrant/code/larabook/app/controllers/RegistrationController.php:34
Stack trace:
#0 [internal function]: Illuminate\Exception\Handler->handleShutdown()
#1 {main} [] []
[2014-10-25 16:23:57] local.ERROR: exception 'Symfony\Component\Debug\Exception\FatalErrorException' with message 'Class 'Larabook\Registration\RegisterUserCommand' not found' in /home/vagrant/code/larabook/app/controllers/RegistrationController.php:34
Stack trace:
#0 [internal function]: Illuminate\Exception\Handler->handleShutdown()
#1 {main} [] []
[2014-10-25 16:24:35] local.ERROR: exception 'Symfony\Component\Debug\Exception\FatalErrorException' with message 'Class 'Larabook\Registration\RegisterUserCommand' not found' in /home/vagrant/code/larabook/app/controllers/RegistrationController.php:34
Stack trace:
#0 [internal function]: Illuminate\Exception\Handler->handleShutdown()
#1 {main} [] []
[2014-10-25 16:27:32] local.ERROR: exception 'Symfony\Component\Debug\Exception\FatalErrorException' with message 'Class 'Larabook\Registration\RegisterUserCommand' not found' in /home/vagrant/code/larabook/app/controllers/RegistrationController.php:34
Stack trace:
#0 [internal function]: Illuminate\Exception\Handler->handleShutdown()
#1 {main} [] []
[2014-10-25 16:31:42] local.ERROR: exception 'Symfony\Component\Debug\Exception\FatalErrorException' with message 'Class 'Larabook\Registration\RegisterUserCommand' not found' in /home/vagrant/code/larabook/app/controllers/RegistrationController.php:34
Stack trace:
#0 [internal function]: Illuminate\Exception\Handler->handleShutdown()
#1 {main} [] []
[2014-10-25 16:33:14] local.ERROR: exception 'Symfony\Component\Debug\Exception\FatalErrorException' with message 'Call to a member function execute() on null' in /home/vagrant/code/larabook/app/controllers/RegistrationController.php:36
Stack trace:
#0 [internal function]: Illuminate\Exception\Handler->handleShutdown()
#1 {main} [] []
[2014-10-25 16:33:25] local.ERROR: exception 'Symfony\Component\Debug\Exception\FatalErrorException' with message 'Call to a member function execute() on null' in /home/vagrant/code/larabook/app/controllers/RegistrationController.php:36
Stack trace:
#0 [internal function]: Illuminate\Exception\Handler->handleShutdown()
#1 {main} [] []
[2014-10-25 16:34:05] local.ERROR: exception 'Symfony\Component\Debug\Exception\FatalErrorException' with message 'Call to a member function execute() on null' in /home/vagrant/code/larabook/app/controllers/RegistrationController.php:36
Stack trace:
#0 [internal function]: Illuminate\Exception\Handler->handleShutdown()
#1 {main} [] []
[2014-10-25 16:38:50] local.ERROR: exception 'Symfony\Component\Debug\Exception\FatalErrorException' with message 'Call to a member function execute() on null' in /home/vagrant/code/larabook/app/controllers/RegistrationController.php:36
Stack trace:
#0 [internal function]: Illuminate\Exception\Handler->handleShutdown()
#1 {main} [] []
[2014-10-25 16:40:33] local.ERROR: exception 'Symfony\Component\Debug\Exception\FatalErrorException' with message 'Call to a member function execute() on null' in /home/vagrant/code/larabook/app/controllers/RegistrationController.php:36
Stack trace:
#0 [internal function]: Illuminate\Exception\Handler->handleShutdown()
#1 {main} [] []
[2014-10-25 16:44:20] local.ERROR: exception 'Symfony\Component\Debug\Exception\FatalErrorException' with message 'Call to a member function execute() on null' in /home/vagrant/code/larabook/app/controllers/RegistrationController.php:36
Stack trace:
#0 [internal function]: Illuminate\Exception\Handler->handleShutdown()
#1 {main} [] []
[2014-10-25 16:44:42] local.ERROR: exception 'Symfony\Component\Debug\Exception\FatalErrorException' with message 'Call to a member function execute() on null' in /home/vagrant/code/larabook/app/controllers/RegistrationController.php:36
Stack trace:
#0 [internal function]: Illuminate\Exception\Handler->handleShutdown()
#1 {main} [] []
[2014-10-25 16:45:17] local.ERROR: exception 'Symfony\Component\Debug\Exception\FatalErrorException' with message 'syntax error, unexpected '{'' in /home/vagrant/code/larabook/app/controllers/RegistrationController.php:31
Stack trace:
#0 [internal function]: Illuminate\Exception\Handler->handleShutdown()
#1 {main} [] []
[2014-10-25 16:45:35] local.ERROR: exception 'Symfony\Component\Debug\Exception\FatalErrorException' with message 'Call to a member function execute() on null' in /home/vagrant/code/larabook/app/controllers/RegistrationController.php:36
Stack trace:
#0 [internal function]: Illuminate\Exception\Handler->handleShutdown()
#1 {main} [] []
[2014-10-25 16:46:44] local.ERROR: exception 'Symfony\Component\Debug\Exception\FatalErrorException' with message 'Call to a member function execute() on null' in /home/vagrant/code/larabook/app/controllers/RegistrationController.php:36
Stack trace:
#0 [internal function]: Illuminate\Exception\Handler->handleShutdown()
#1 {main} [] []
[2014-10-25 17:58:08] local.ERROR: exception 'Symfony\Component\Debug\Exception\FatalErrorException' with message 'Call to a member function execute() on null' in /home/vagrant/code/larabook/app/controllers/RegistrationController.php:36
Stack trace:
#0 [internal function]: Illuminate\Exception\Handler->handleShutdown()
#1 {main} [] []
[2014-10-25 18:10:30] local.ERROR: exception 'Symfony\Component\Debug\Exception\FatalErrorException' with message 'Call to a member function execute() on null' in /home/vagrant/code/larabook/app/controllers/RegistrationController.php:36
Stack trace:
#0 [internal function]: Illuminate\Exception\Handler->handleShutdown()
#1 {main} [] []
[2014-10-25 18:17:22] local.ERROR: exception 'Symfony\Component\Debug\Exception\FatalErrorException' with message 'Interface 'Larabook\Registration\CommandHandler' not found' in /home/vagrant/code/larabook/app/Larabook/Registration/__RegisterUserCommandHandler.php:3
Stack trace:
#0 [internal function]: Illuminate\Exception\Handler->handleShutdown()
#1 {main} [] []
[2014-10-25 18:17:58] local.ERROR: exception 'ErrorException' with message 'include(/home/vagrant/code/larabook/app/Larabook/Registration/__RegisterUserCommandHandler.php): failed to open stream: No such file or directory' in /home/vagrant/code/larabook/vendor/composer/ClassLoader.php:382
Stack trace:
#0 /home/vagrant/code/larabook/vendor/composer/ClassLoader.php(382): Illuminate\Exception\Handler->handleError(2, 'include(/home/v...', '/home/vagrant/c...', 382, Array)
#1 /home/vagrant/code/larabook/vendor/composer/ClassLoader.php(382): Composer\Autoload\includeFile()
#2 /home/vagrant/code/larabook/vendor/composer/ClassLoader.php(274): Composer\Autoload\includeFile('/home/vagrant/c...')
#3 [internal function]: Composer\Autoload\ClassLoader->loadClass('Larabook\\Regist...')
#4 [internal function]: spl_autoload_call('Larabook\\Regist...')
#5 /home/vagrant/code/larabook/vendor/laracasts/commander/src/Laracasts/Commander/BasicCommandTranslator.php(17): class_exists('Larabook\\Regist...')
#6 /home/vagrant/code/larabook/vendor/laracasts/commander/src/Laracasts/Commander/DefaultCommandBus.php(56): Laracasts\Commander\BasicCommandTranslator->toCommandHandler(Object(Larabook\Registration\RegisterUserCommand))
#7 /home/vagrant/code/larabook/vendor/laracasts/commander/src/Laracasts/Commander/ValidationCommandBus.php(64): Laracasts\Commander\DefaultCommandBus->execute(Object(Larabook\Registration\RegisterUserCommand))
#8 /home/vagrant/code/larabook/app/controllers/RegistrationController.php(40): Laracasts\Commander\ValidationCommandBus->execute(Object(Larabook\Registration\RegisterUserCommand))
#9 [internal function]: RegistrationController->store()
#10 /home/vagrant/code/larabook/vendor/laravel/framework/src/Illuminate/Routing/Controller.php(231): call_user_func_array(Array, Array)
#11 /home/vagrant/code/larabook/vendor/laravel/framework/src/Illuminate/Routing/ControllerDispatcher.php(93): Illuminate\Routing\Controller->callAction('store', Array)
#12 /home/vagrant/code/larabook/vendor/laravel/framework/src/Illuminate/Routing/ControllerDispatcher.php(62): Illuminate\Routing\ControllerDispatcher->call(Object(RegistrationController), Object(Illuminate\Routing\Route), 'store')
#13 /home/vagrant/code/larabook/vendor/laravel/framework/src/Illuminate/Routing/Router.php(962): Illuminate\Routing\ControllerDispatcher->dispatch(Object(Illuminate\Routing\Route), Object(Illuminate\Http\Request), 'RegistrationCon...', 'store')
#14 [internal function]: Illuminate\Routing\Router->Illuminate\Routing\{closure}()
#15 /home/vagrant/code/larabook/vendor/laravel/framework/src/Illuminate/Routing/Route.php(109): call_user_func_array(Object(Closure), Array)
#16 /home/vagrant/code/larabook/vendor/laravel/framework/src/Illuminate/Routing/Router.php(1028): Illuminate\Routing\Route->run(Object(Illuminate\Http\Request))
#17 /home/vagrant/code/larabook/vendor/laravel/framework/src/Illuminate/Routing/Router.php(996): Illuminate\Routing\Router->dispatchToRoute(Object(Illuminate\Http\Request))
#18 /home/vagrant/code/larabook/vendor/laravel/framework/src/Illuminate/Foundation/Application.php(775): Illuminate\Routing\Router->dispatch(Object(Illuminate\Http\Request))
#19 /home/vagrant/code/larabook/vendor/laravel/framework/src/Illuminate/Foundation/Application.php(745): Illuminate\Foundation\Application->dispatch(Object(Illuminate\Http\Request))
#20 /home/vagrant/code/larabook/vendor/laravel/framework/src/Illuminate/Session/Middleware.php(72): Illuminate\Foundation\Application->handle(Object(Illuminate\Http\Request), 1, true)
#21 /home/vagrant/code/larabook/vendor/laravel/framework/src/Illuminate/Cookie/Queue.php(47): Illuminate\Session\Middleware->handle(Object(Illuminate\Http\Request), 1, true)
#22 /home/vagrant/code/larabook/vendor/laravel/framework/src/Illuminate/Cookie/Guard.php(51): Illuminate\Cookie\Queue->handle(Object(Illuminate\Http\Request), 1, true)
#23 /home/vagrant/code/larabook/vendor/stack/builder/src/Stack/StackedHttpKernel.php(23): Illuminate\Cookie\Guard->handle(Object(Illuminate\Http\Request), 1, true)
#24 /home/vagrant/code/larabook/vendor/laravel/framework/src/Illuminate/Foundation/Application.php(641): Stack\StackedHttpKernel->handle(Object(Illuminate\Http\Request))
#25 /home/vagrant/code/larabook/public/index.php(49): Illuminate\Foundation\Application->run()
#26 {main} [] []
[2014-10-25 18:20:32] local.ERROR: exception 'Symfony\Component\Debug\Exception\FatalErrorException' with message 'Interface 'Larabook\Registration\CommandHandler' not found' in /home/vagrant/code/larabook/app/Larabook/Registration/RegisterUserCommandHandler.php:3
Stack trace:
#0 [internal function]: Illuminate\Exception\Handler->handleShutdown()
#1 {main} [] []
[2014-10-25 18:33:03] local.ERROR: exception 'Symfony\Component\Debug\Exception\FatalErrorException' with message 'syntax error, unexpected ';'' in /home/vagrant/code/larabook/app/controllers/RegistrationController.php:37
Stack trace:
#0 [internal function]: Illuminate\Exception\Handler->handleShutdown()
#1 {main} [] []
[2014-10-25 18:53:10] local.ERROR: exception 'Symfony\Component\Debug\Exception\FatalErrorException' with message 'Class 'Larabook\Users\User' not found' in /home/vagrant/code/larabook/app/Larabook/Registration/RegisterUserCommandHandler.php:22
Stack trace:
#0 [internal function]: Illuminate\Exception\Handler->handleShutdown()
#1 {main} [] []
[2014-10-25 18:55:40] local.ERROR: exception 'Symfony\Component\Debug\Exception\FatalErrorException' with message 'Class 'Larabook\Users\User' not found' in /home/vagrant/code/larabook/app/Larabook/Registration/RegisterUserCommandHandler.php:22
Stack trace:
#0 [internal function]: Illuminate\Exception\Handler->handleShutdown()
#1 {main} [] []
[2014-10-25 18:59:56] local.ERROR: exception 'Symfony\Component\Debug\Exception\FatalErrorException' with message 'Class 'Larabook\Users\User' not found' in /home/vagrant/code/larabook/app/Larabook/Registration/RegisterUserCommandHandler.php:22
Stack trace:
#0 [internal function]: Illuminate\Exception\Handler->handleShutdown()
#1 {main} [] []
[2014-10-25 19:04:47] local.ERROR: exception 'ErrorException' with message 'Argument 1 passed to Larabook\Users\UserRepository::save() must be an instance of Larabook\Users\User, null given, called in /home/vagrant/code/larabook/app/Larabook/Registration/RegisterUserCommandHandler.php on line 24 and defined' in /home/vagrant/code/larabook/app/Larabook/Users/UserRepository.php:10
Stack trace:
#0 /home/vagrant/code/larabook/app/Larabook/Users/UserRepository.php(10): Illuminate\Exception\Handler->handleError(4096, 'Argument 1 pass...', '/home/vagrant/c...', 10, Array)
#1 /home/vagrant/code/larabook/app/Larabook/Registration/RegisterUserCommandHandler.php(24): Larabook\Users\UserRepository->save(NULL)
#2 /home/vagrant/code/larabook/vendor/laracasts/commander/src/Laracasts/Commander/DefaultCommandBus.php(58): Larabook\Registration\RegisterUserCommandHandler->handle(Object(Larabook\Registration\RegisterUserCommand))
#3 /home/vagrant/code/larabook/vendor/laracasts/commander/src/Laracasts/Commander/ValidationCommandBus.php(64): Laracasts\Commander\DefaultCommandBus->execute(Object(Larabook\Registration\RegisterUserCommand))
#4 /home/vagrant/code/larabook/app/controllers/RegistrationController.php(38): Laracasts\Commander\ValidationCommandBus->execute(Object(Larabook\Registration\RegisterUserCommand))
#5 [internal function]: RegistrationController->store()
#6 /home/vagrant/code/larabook/vendor/laravel/framework/src/Illuminate/Routing/Controller.php(231): call_user_func_array(Array, Array)
#7 /home/vagrant/code/larabook/vendor/laravel/framework/src/Illuminate/Routing/ControllerDispatcher.php(93): Illuminate\Routing\Controller->callAction('store', Array)
#8 /home/vagrant/code/larabook/vendor/laravel/framework/src/Illuminate/Routing/ControllerDispatcher.php(62): Illuminate\Routing\ControllerDispatcher->call(Object(RegistrationController), Object(Illuminate\Routing\Route), 'store')
#9 /home/vagrant/code/larabook/vendor/laravel/framework/src/Illuminate/Routing/Router.php(962): Illuminate\Routing\ControllerDispatcher->dispatch(Object(Illuminate\Routing\Route), Object(Illuminate\Http\Request), 'RegistrationCon...', 'store')
#10 [internal function]: Illuminate\Routing\Router->Illuminate\Routing\{closure}()
#11 /home/vagrant/code/larabook/vendor/laravel/framework/src/Illuminate/Routing/Route.php(109): call_user_func_array(Object(Closure), Array)
#12 /home/vagrant/code/larabook/vendor/laravel/framework/src/Illuminate/Routing/Router.php(1028): Illuminate\Routing\Route->run(Object(Illuminate\Http\Request))
#13 /home/vagrant/code/larabook/vendor/laravel/framework/src/Illuminate/Routing/Router.php(996): Illuminate\Routing\Router->dispatchToRoute(Object(Illuminate\Http\Request))
#14 /home/vagrant/code/larabook/vendor/laravel/framework/src/Illuminate/Foundation/Application.php(775): Illuminate\Routing\Router->dispatch(Object(Illuminate\Http\Request))
#15 /home/vagrant/code/larabook/vendor/laravel/framework/src/Illuminate/Foundation/Application.php(745): Illuminate\Foundation\Application->dispatch(Object(Illuminate\Http\Request))
#16 /home/vagrant/code/larabook/vendor/laravel/framework/src/Illuminate/Session/Middleware.php(72): Illuminate\Foundation\Application->handle(Object(Illuminate\Http\Request), 1, true)
#17 /home/vagrant/code/larabook/vendor/laravel/framework/src/Illuminate/Cookie/Queue.php(47): Illuminate\Session\Middleware->handle(Object(Illuminate\Http\Request), 1, true)
#18 /home/vagrant/code/larabook/vendor/laravel/framework/src/Illuminate/Cookie/Guard.php(51): Illuminate\Cookie\Queue->handle(Object(Illuminate\Http\Request), 1, true)
#19 /home/vagrant/code/larabook/vendor/stack/builder/src/Stack/StackedHttpKernel.php(23): Illuminate\Cookie\Guard->handle(Object(Illuminate\Http\Request), 1, true)
#20 /home/vagrant/code/larabook/vendor/laravel/framework/src/Illuminate/Foundation/Application.php(641): Stack\StackedHttpKernel->handle(Object(Illuminate\Http\Request))
#21 /home/vagrant/code/larabook/public/index.php(49): Illuminate\Foundation\Application->run()
#22 {main} [] []
[2014-10-25 19:16:04] local.ERROR: exception 'ErrorException' with message 'Undefined variable: password' in /home/vagrant/code/larabook/app/Larabook/Users/User.php:30
Stack trace:
#0 /home/vagrant/code/larabook/app/Larabook/Users/User.php(30): Illuminate\Exception\Handler->handleError(8, 'Undefined varia...', '/home/vagrant/c...', 30, Array)
#1 /home/vagrant/code/larabook/vendor/laravel/framework/src/Illuminate/Database/Eloquent/Model.php(2532): Larabook\Users\User->setPasswordAttribute('12345')
#2 /home/vagrant/code/larabook/vendor/laravel/framework/src/Illuminate/Database/Eloquent/Model.php(407): Illuminate\Database\Eloquent\Model->setAttribute('password', '12345')
#3 /home/vagrant/code/larabook/vendor/laravel/framework/src/Illuminate/Database/Eloquent/Model.php(249): Illuminate\Database\Eloquent\Model->fill(Array)
#4 /home/vagrant/code/larabook/app/Larabook/Users/User.php(40): Illuminate\Database\Eloquent\Model->__construct(Array)
#5 /home/vagrant/code/larabook/app/Larabook/Registration/RegisterUserCommandHandler.php(22): Larabook\Users\User::register('pepe', 'potamo@potamo.c...', '12345')
#6 /home/vagrant/code/larabook/vendor/laracasts/commander/src/Laracasts/Commander/DefaultCommandBus.php(58): Larabook\Registration\RegisterUserCommandHandler->handle(Object(Larabook\Registration\RegisterUserCommand))
#7 /home/vagrant/code/larabook/vendor/laracasts/commander/src/Laracasts/Commander/ValidationCommandBus.php(64): Laracasts\Commander\DefaultCommandBus->execute(Object(Larabook\Registration\RegisterUserCommand))
#8 /home/vagrant/code/larabook/app/controllers/RegistrationController.php(38): Laracasts\Commander\ValidationCommandBus->execute(Object(Larabook\Registration\RegisterUserCommand))
#9 [internal function]: RegistrationController->store()
#10 /home/vagrant/code/larabook/vendor/laravel/framework/src/Illuminate/Routing/Controller.php(231): call_user_func_array(Array, Array)
#11 /home/vagrant/code/larabook/vendor/laravel/framework/src/Illuminate/Routing/ControllerDispatcher.php(93): Illuminate\Routing\Controller->callAction('store', Array)
#12 /home/vagrant/code/larabook/vendor/laravel/framework/src/Illuminate/Routing/ControllerDispatcher.php(62): Illuminate\Routing\ControllerDispatcher->call(Object(RegistrationController), Object(Illuminate\Routing\Route), 'store')
#13 /home/vagrant/code/larabook/vendor/laravel/framework/src/Illuminate/Routing/Router.php(962): Illuminate\Routing\ControllerDispatcher->dispatch(Object(Illuminate\Routing\Route), Object(Illuminate\Http\Request), 'RegistrationCon...', 'store')
#14 [internal function]: Illuminate\Routing\Router->Illuminate\Routing\{closure}()
#15 /home/vagrant/code/larabook/vendor/laravel/framework/src/Illuminate/Routing/Route.php(109): call_user_func_array(Object(Closure), Array)
#16 /home/vagrant/code/larabook/vendor/laravel/framework/src/Illuminate/Routing/Router.php(1028): Illuminate\Routing\Route->run(Object(Illuminate\Http\Request))
#17 /home/vagrant/code/larabook/vendor/laravel/framework/src/Illuminate/Routing/Router.php(996): Illuminate\Routing\Router->dispatchToRoute(Object(Illuminate\Http\Request))
#18 /home/vagrant/code/larabook/vendor/laravel/framework/src/Illuminate/Foundation/Application.php(775): Illuminate\Routing\Router->dispatch(Object(Illuminate\Http\Request))
#19 /home/vagrant/code/larabook/vendor/laravel/framework/src/Illuminate/Foundation/Application.php(745): Illuminate\Foundation\Application->dispatch(Object(Illuminate\Http\Request))
#20 /home/vagrant/code/larabook/vendor/laravel/framework/src/Illuminate/Session/Middleware.php(72): Illuminate\Foundation\Application->handle(Object(Illuminate\Http\Request), 1, true)
#21 /home/vagrant/code/larabook/vendor/laravel/framework/src/Illuminate/Cookie/Queue.php(47): Illuminate\Session\Middleware->handle(Object(Illuminate\Http\Request), 1, true)
#22 /home/vagrant/code/larabook/vendor/laravel/framework/src/Illuminate/Cookie/Guard.php(51): Illuminate\Cookie\Queue->handle(Object(Illuminate\Http\Request), 1, true)
#23 /home/vagrant/code/larabook/vendor/stack/builder/src/Stack/StackedHttpKernel.php(23): Illuminate\Cookie\Guard->handle(Object(Illuminate\Http\Request), 1, true)
#24 /home/vagrant/code/larabook/vendor/laravel/framework/src/Illuminate/Foundation/Application.php(641): Stack\StackedHttpKernel->handle(Object(Illuminate\Http\Request))
#25 /home/vagrant/code/larabook/public/index.php(49): Illuminate\Foundation\Application->run()
#26 {main} [] []
[2014-10-25 22:37:37] testing.INFO: Larabook.Registration.Events.UserRegistered was fired. [] []
[2014-10-25 22:37:37] testing.INFO: Larabook.Registration.Events.UserRegistered was fired. [] []
[2014-10-25 22:37:37] testing.INFO: Larabook.Registration.Events.UserRegistered was fired. [] []
[2014-10-25 22:37:37] testing.INFO: Larabook.Registration.Events.UserRegistered was fired. [] []
[2014-10-26 17:38:24] local.INFO: Larabook.Registration.Events.UserRegistered was fired. [] []
[2014-10-26 18:24:32] local.INFO: Larabook.Registration.Events.UserRegistered was fired. [] []
[2014-10-26 18:51:21] local.INFO: Larabook.Registration.Events.UserRegistered was fired. [] []
[2014-10-26 19:28:11] testing.INFO: Larabook.Registration.Events.UserRegistered was fired. [] []
[2014-10-26 19:28:11] testing.INFO: Larabook.Registration.Events.UserRegistered was fired. [] []
[2014-10-26 19:28:11] testing.INFO: Larabook.Registration.Events.UserRegistered was fired. [] []
[2014-10-26 19:28:11] testing.INFO: Larabook.Registration.Events.UserRegistered was fired. [] []
[2014-10-26 19:42:53] testing.INFO: Larabook.Registration.Events.UserRegistered was fired. [] []
[2014-10-26 19:42:53] testing.INFO: Larabook.Registration.Events.UserRegistered was fired. [] []
[2014-10-26 19:42:53] testing.INFO: Larabook.Registration.Events.UserRegistered was fired. [] []
[2014-10-26 19:42:53] testing.INFO: Larabook.Registration.Events.UserRegistered was fired. [] []
[2014-10-26 19:43:39] testing.INFO: Larabook.Registration.Events.UserRegistered was fired. [] []
[2014-10-26 19:43:39] testing.INFO: Larabook.Registration.Events.UserRegistered was fired. [] []
[2014-10-26 19:43:39] testing.INFO: Larabook.Registration.Events.UserRegistered was fired. [] []
[2014-10-26 19:43:39] testing.INFO: Larabook.Registration.Events.UserRegistered was fired. [] []
[2014-10-26 19:44:54] testing.INFO: Larabook.Registration.Events.UserRegistered was fired. [] []
[2014-10-26 19:44:54] testing.INFO: Larabook.Registration.Events.UserRegistered was fired. [] []
[2014-10-26 19:44:54] testing.INFO: Larabook.Registration.Events.UserRegistered was fired. [] []
[2014-10-26 19:44:54] testing.INFO: Larabook.Registration.Events.UserRegistered was fired. [] []
[2014-10-26 19:46:13] testing.INFO: Larabook.Registration.Events.UserRegistered was fired. [] []
[2014-10-26 19:46:13] testing.INFO: Larabook.Registration.Events.UserRegistered was fired. [] []
[2014-10-26 19:46:13] testing.INFO: Larabook.Registration.Events.UserRegistered was fired. [] []
[2014-10-26 19:46:13] testing.INFO: Larabook.Registration.Events.UserRegistered was fired. [] []
[2014-10-26 19:48:02] testing.INFO: Larabook.Registration.Events.UserRegistered was fired. [] []
[2014-10-26 19:48:02] testing.INFO: Larabook.Registration.Events.UserRegistered was fired. [] []
[2014-10-26 19:48:02] testing.INFO: Larabook.Registration.Events.UserRegistered was fired. [] []
[2014-10-26 19:48:02] testing.INFO: Larabook.Registration.Events.UserRegistered was fired. [] []
[2014-10-26 20:01:43] testing.INFO: Larabook.Registration.Events.UserRegistered was fired. [] []
[2014-10-26 20:01:43] testing.INFO: Larabook.Registration.Events.UserRegistered was fired. [] []
[2014-10-26 20:01:43] testing.INFO: Larabook.Registration.Events.UserRegistered was fired. [] []
[2014-10-26 20:01:43] testing.INFO: Larabook.Registration.Events.UserRegistered was fired. [] []
[2014-10-26 20:14:14] local.ERROR: exception 'Symfony\Component\Debug\Exception\FatalErrorException' with message 'syntax error, unexpected '=>' (T_DOUBLE_ARROW)' in /home/vagrant/code/larabook/app/storage/views/cf08909d7a440d2c11c2caa3c2d5fab9:3
Stack trace:
#0 [internal function]: Illuminate\Exception\Handler->handleShutdown()
#1 {main} [] []
[2014-10-26 20:15:01] testing.INFO: Larabook.Registration.Events.UserRegistered was fired. [] []
[2014-10-26 20:15:01] testing.INFO: Larabook.Registration.Events.UserRegistered was fired. [] []
[2014-10-26 20:15:01] testing.INFO: Larabook.Registration.Events.UserRegistered was fired. [] []
[2014-10-26 20:15:01] testing.INFO: Larabook.Registration.Events.UserRegistered was fired. [] []
[2014-10-26 20:23:53] testing.INFO: Larabook.Registration.Events.UserRegistered was fired. [] []
[2014-10-26 20:23:53] testing.INFO: Larabook.Registration.Events.UserRegistered was fired. [] []
[2014-10-26 20:23:53] testing.INFO: Larabook.Registration.Events.UserRegistered was fired. [] []
[2014-10-26 20:23:53] testing.INFO: Larabook.Registration.Events.UserRegistered was fired. [] []
[2014-10-26 20:26:05] testing.INFO: Larabook.Registration.Events.UserRegistered was fired. [] []
[2014-10-26 20:26:05] testing.INFO: Larabook.Registration.Events.UserRegistered was fired. [] []
[2014-10-26 20:26:05] testing.INFO: Larabook.Registration.Events.UserRegistered was fired. [] []
[2014-10-26 20:26:05] testing.INFO: Larabook.Registration.Events.UserRegistered was fired. [] []
[2014-10-26 21:03:44] local.INFO: Larabook.Registration.Events.UserRegistered was fired. [] []
[2014-10-26 21:10:03] testing.INFO: Larabook.Registration.Events.UserRegistered was fired. [] []
[2014-10-26 21:10:03] testing.INFO: Larabook.Registration.Events.UserRegistered was fired. [] []
[2014-10-26 21:10:03] testing.INFO: Larabook.Registration.Events.UserRegistered was fired. [] []
[2014-10-26 21:10:03] testing.INFO: Larabook.Registration.Events.UserRegistered was fired. [] []
